<?xml version="1.0" encoding="UTF-8"?>
<!-- Generated by org.testng.reporters.JUnitXMLReporter -->
<testsuite hostname="HIBAIL61422" name="Default test" tests="4" failures="0" timestamp="22 Aug 2017 06:32:49 GMT" time="23.546" errors="0">
  <testcase name="inputFormSubmitLaunch" time="9.528" classname="com.automation.testcases.InputFormSubmitPageTest"/>
  <testcase name="validatingFieldsData" time="1.234" classname="com.automation.testcases.InputFormSubmitPageTest"/>
  <testcase name="enterInputFormDetails" time="4.869" classname="com.automation.testcases.InputFormSubmitPageTest"/>
  <testcase name="enterInputFormDetails" time="4.433" classname="com.automation.testcases.InputFormSubmitPageTest"/>
</testsuite> <!-- Default test -->
